[INFO   ] Logger: Record log in /storage/emulated/0/projects/Kivy_Login_Template/.kivy/logs/kivy_20-05-21_1.txt
[INFO   ] Kivy: v1.11.0.dev0, git-8b6af30, 20190320
[INFO   ] Python: v3.7.2 (default, Mar 20 2019, 14:25:26) 
[GCC 8.2.0]
[INFO   ] Factory: 184 symbols loaded
[INFO   ] Image: Providers: img_tex, img_dds, img_sdl2, img_pil, img_gif (img_ffpyplayer ignored)
[INFO   ] Text: Provider: sdl2
[INFO   ] Window: Provider: sdl2
[INFO   ] GL: Using the "OpenGL ES 2" graphics system
[INFO   ] GL: Backend used <sdl2>
[INFO   ] GL: OpenGL version <b'OpenGL ES 2.0 58bf738'>
[INFO   ] GL: OpenGL vendor <b'ARM'>
[INFO   ] GL: OpenGL renderer <b'Mali-400 MP'>
[INFO   ] GL: OpenGL parsed version: 2, 0
[INFO   ] GL: Texture max size <4096>
[INFO   ] GL: Texture max units <8>
[INFO   ] Window: auto add sdl2 input provider
[INFO   ] Window: virtual keyboard not allowed, single mode, not docked
[WARNING] Base: Unknown <android> provider
[INFO   ] Base: Start application main loop
[INFO   ] GL: NPOT texture support is available
[INFO   ] Base: Leaving application in progress...
[WARNING] stderr: Traceback (most recent call last):
[WARNING] stderr:   File "kivy/properties.pyx", line 838, in kivy.properties.ObservableDict.__getattr__
[WARNING] stderr: KeyError: 'emailBody'
[WARNING] stderr: 
[WARNING] stderr: During handling of the above exception, another exception occurred:
[WARNING] stderr: 
[WARNING] stderr: Traceback (most recent call last):
[WARNING] stderr:   File "/storage/emulated/0/projects/Kivy_Login_Template/main.py", line 87, in <module>
[WARNING] stderr:     MailApp().run()
[WARNING] stderr:   File "/data/user/0/ru.iiec.pydroid3/files/arm-linux-androideabi/lib/python3.7/site-packages/kivy/app.py", line 826, in run
[WARNING] stderr:     runTouchApp()
[WARNING] stderr:   File "/data/user/0/ru.iiec.pydroid3/files/arm-linux-androideabi/lib/python3.7/site-packages/kivy/base.py", line 502, in runTouchApp
[WARNING] stderr:     EventLoop.window.mainloop()
[WARNING] stderr:   File "/data/user/0/ru.iiec.pydroid3/files/arm-linux-androideabi/lib/python3.7/site-packages/kivy/core/window/window_sdl2.py", line 724, in mainloop
[WARNING] stderr:     self._mainloop()
[WARNING] stderr:   File "/data/user/0/ru.iiec.pydroid3/files/arm-linux-androideabi/lib/python3.7/site-packages/kivy/core/window/window_sdl2.py", line 459, in _mainloop
[WARNING] stderr:     EventLoop.idle()
[WARNING] stderr:   File "/data/user/0/ru.iiec.pydroid3/files/arm-linux-androideabi/lib/python3.7/site-packages/kivy/base.py", line 337, in idle
[WARNING] stderr:     Clock.tick()
[WARNING] stderr:   File "/data/user/0/ru.iiec.pydroid3/files/arm-linux-androideabi/lib/python3.7/site-packages/kivy/clock.py", line 581, in tick
[WARNING] stderr:     self._process_events()
[WARNING] stderr:   File "kivy/_clock.pyx", line 384, in kivy._clock.CyClockBase._process_events
[WARNING] stderr:   File "kivy/_clock.pyx", line 414, in kivy._clock.CyClockBase._process_events
[WARNING] stderr:   File "kivy/_clock.pyx", line 412, in kivy._clock.CyClockBase._process_events
[WARNING] stderr:   File "kivy/_clock.pyx", line 167, in kivy._clock.ClockEvent.tick
[WARNING] stderr:   File "/storage/emulated/0/projects/Kivy_Login_Template/main.py", line 40, in adjustPos
[WARNING] stderr:     if self.ids.emailBody.focused:
[WARNING] stderr:   File "kivy/properties.pyx", line 841, in kivy.properties.ObservableDict.__getattr__
[WARNING] stderr: AttributeError: 'super' object has no attribute '__getattr__'
